fangohr: Still testing ...
2012-02-12 21:32:46 fangohr: And more testing.
2012-02-12 21:33:40 fangohr: Working on logging this session automatically.
2012-02-12 21:42:44 fangohr: If all goes well, then this note will be auto-committed tonight to the mercurial repository.
2012-02-13 09:19:35 HansFangohr: Morning everybody.
2012-02-13 11:24:25 ww1g11: Hello, this is Weiwei.
2012-02-13 11:24:52 HansFangohr: Yuuhouu, well done Weiwei :)
2012-02-13 12:06:41 HansFangohr: Anybody up for lunch? When? 12:30? 13:00?
2012-02-13 12:46:53 mb8g11: 13:00 is good.
2012-02-13 12:54:14 HansFangohr: Okay, let's make it so.
2012-02-13 12:54:55 andersej: I'll join!
2012-02-13 16:31:45 mb8g11: How can I make sure if I work on a matrix or a vector?
2012-02-13 17:14:43 HansFangohr: If I understand the question correctly, and this is about numpy.arrays, you can use the 'shape' attribute of an array to distingish them.
2012-02-14 09:44:31 andersej: Good morning, Hans!
2012-02-14 09:46:43 HansFangohr: Good morning, Sir :)
2012-02-14 09:54:58 HansFangohr: Hi Anders, I played a little with your code, and added a comment to the story in pivotal -- not sure whether you get email notification for this?
2012-02-14 09:56:31 HansFangohr: Marc-Antonio (mb8g11), as you rightly say, we should make the 'stories' as small as possible. I have thus accepted the 'exchange' story as completed, and added two new ones, each suggesting a test for the exchange interaction. Feel free to add more as you go along.
2012-02-14 09:56:49 HansFangohr: I am busy all morning with Interviews of new PhD students; I hope to have some time in the early afternoon.
2012-02-14 10:00:25 andersej: Yes, I got the notification. Will take a closer look at it. If it is zero initially, it will always be zero in this simple case. Perhaps it changes if there are other contributions to the equation.
2012-02-14 11:44:19 GabrielB: Hi everyone can anyone advise me with mercurial? I have added a "documentation" subdirectory to /demag and am not quite sure how to get HG to see it and push it up into Bitbucket.
2012-02-14 11:52:46 andersej: Think it is just hg add file, hg commit -m 'Message of what is changed', and then hg push.
2012-02-14 11:53:26 andersej: Where file of course is the name of the file you want to add.
2012-02-14 11:58:29 mb8g11: Are there files in that directory?
2012-02-14 12:39:52 andersej: Anyone up for lunch sometime between now and 1?
2012-02-14 12:42:19 mb8g11: 13:00 is good.
2012-02-14 12:51:55 GabrielB: thanks Anders! I will try with -m instead of the normal commit.
2012-02-14 12:52:51 GabrielB: I have just spoken to Anders Logg, he  recommended Nitsche's method in order to get the demag field.
2012-02-14 13:49:50 HansFangohr: Hi Gabriel, that's great. What is Nitsche's method ? ;-) Do you have a reference for it? I haven't heard of the name yet.
2012-02-14 13:54:50 mb8g11:  1ffd48ebd533b81339e58e1f185c32a8ebeedce8
2012-02-14 13:55:01 mb8g11: J.A. Nitsche, Uber ein Variationsprinzip zur Loesung von Dirichlet-Problemen bei Verwendung von Teilraeumen, die keinen Randbedingungen unterworfen sind, Abhandlungen aus
2012-02-14 13:55:04 mb8g11: dem Mathematischen Seminar der Universitaet Hamburg 36 (1970/71), 9–15. MR0341903(49:6649)
2012-02-14 13:55:17 mb8g11: disregard the first message, that was a paste gone wrong
2012-02-14 13:58:32 mb8g11: @GabrielB it is not possible to represent an empty directory in Mercurial. As soon as you put a file in it though, you can simply commit the file and the repository will get added as well.
2012-02-14 13:58:46 mb8g11: *and the directory
2012-02-14 14:00:09 GabrielB: When I commited I think my file was stored locally and not as part of the project attached to the Bitbucket depo.
2012-02-14 14:02:37 GabrielB: my folder "documentation" does not show up in the source when I look at it in bitbucket
2012-02-14 14:03:57 mb8g11: Let's say you have the file doc.tex in there.
2012-02-14 14:04:07 mb8g11: hg add documentation/doc.tex
2012-02-14 14:04:17 mb8g11: hg ci (or hg ci documentation/doc.tex)
2012-02-14 14:04:30 mb8g11: hg push
2012-02-14 14:06:38 GabrielB: thanks this is what i get
2012-02-14 14:06:40 GabrielB: gaba@ubuntu:~/devmag/finmag/devtests/demag/documentation$ hg add truncdemag1.tex
2012-02-14 14:06:40 GabrielB: truncdemag1.tex already tracked!
2012-02-14 14:06:41 GabrielB: gaba@ubuntu:~/devmag/finmag/devtests/demag/documentation$ hg ci
2012-02-14 14:06:41 GabrielB: nothing changed
2012-02-14 14:06:41 GabrielB: gaba@ubuntu:~/devmag/finmag/devtests/demag/documentation$ hg push
2012-02-14 14:06:41 GabrielB: pushing to default-push
2012-02-14 14:06:43 GabrielB: abort: repository default-push not found!
2012-02-14 14:08:37 GabrielB: This description of the method is the closest to what was shown to me by Anders.
2012-02-14 14:08:38 GabrielB: www.ann.jussieu.fr/2007/PDFSeminaires/RolfStenberg071207.pdf
2012-02-14 14:08:57 GabrielB: If it works I will include it in the Docu of course :-)
2012-02-14 14:10:51 mb8g11: In the repository root, open the file .hg/hgrc. You want it to look like that http://www.pastebucket.com/1484
2012-02-14 14:11:09 mb8g11: I assumed you use https and not ssh.
2012-02-14 14:20:15 mb8g11: If all fails, check out a new copy of the repo and copy the files by hand. And while you're at it, set up SSH, there is a nice guide in the bitbucket documentation.
2012-02-14 14:20:31 mb8g11: That way, you won't have to enter your password when pushing.
2012-02-14 14:28:52 GabrielB: ok the repository root already has the pastebucket code. I am guessing I shouldnt try adding it to .hg/hgrc in the new directory
2012-02-14 14:29:10 mb8g11: Correct.
2012-02-14 14:31:05 mb8g11: Try hg push https://gabrielb@bitbucket.org/fangohr/finmag
2012-02-14 14:55:54 GabrielB: implemented a 1-d Nitsche method. The results seem to look similar to that obtained by Fredkin- Koehler.
2012-02-14 14:57:55 GabrielB: the results can be seem in nitschetest.py
2012-02-14 14:59:07 GabrielB: I moved the documentation out of the new folder for now thanks for the help so far mb8g11 (Mark I guess!), I will keep trying later to get the new folder in place and clean up a bit
2012-02-14 14:59:49 Marc-Antonio: Yes, Marc
2012-02-14 15:04:52 GabrielB: lol I am off to pick up my daughter! see everyone tomorrow
2012-02-14 15:18:21 andersej: @Marc-Antonio, can you take a look at my program when you have time?
2012-02-14 15:20:58 Marc-Antonio: 16:00?
2012-02-14 15:21:10 andersej: Great
2012-02-14 15:30:12 HansFangohr: Hi all, what is a good IRC client for Linux (Ubuntu)?
2012-02-14 15:31:51 andersej: I'm happy with xchat now.
2012-02-15 08:54:57 HansFangohr: Morning Anders.
2012-02-15 08:56:00 andersej: Good morning! Just read your email, I'll have it done by the end of the day.
2012-02-15 08:58:21 HansFangohr: No rush -- it may just be fun to do this :) I also had another idea for a good test, and will add this to the tracker in a moment.
2012-02-15 09:01:26 HansFangohr: This is the extra test for the Jacobian: https://www.pivotaltracker.com/story/show/24971625
2012-02-15 09:04:33 HansFangohr: Anders, I added a story for the test I suggested in the email: https://www.pivotaltracker.com/story/show/24971705
2012-02-15 09:06:26 andersej: Okay, i thought you combined it in the first one. Sorry. I don't mean to steal all stories.
2012-02-15 09:16:32 HansFangohr: You steal as many as you like :)
2012-02-15 09:40:22 HansFangohr: Hi Gabriel.
2012-02-15 09:40:45 HansFangohr: Andersej, just to add; I think the reason I didn't see those stories started is that you didn't click on 'save' yet or so -- It is all here now.
2012-02-15 11:19:47 andersej: HansFangohr, do you have time today to explain the two time scales scheme a bit more detailed than in the story description?
2012-02-15 11:48:56 HansFangohr: Not at the moment (but later this afternoon). You don't need to worry about it: Use an exchange interaction strength that is realistic (ask MA, or the Nmag Manual) and an applied field that has the strength of 1 Tesla (that is very roughly 1e6 A/m, the same magnitude as the saturation magnetisation), and you should have the two timescales. I think Marc-Antonio maybe able to explain as well.
2012-02-15 14:36:00 HansFangohr: Andersej, are you okay to come to my office to talk through your code?
2012-02-15 14:36:46 andersej: Yes, I'm there in two minutes. Will just push what I'm doing.
2012-02-15 14:37:47 HansFangohr: Okay, great.
2012-02-15 14:50:25 mb8g11: Hans, I'm afraid that the loading of the C-code works perfectly fine on my machine.
2012-02-15 15:08:22 HansFangohr: Marc-Antonio, I have created an account for you on the machine. It is called 'osiris.sesnet.soton.ac.uk'.
2012-02-15 15:10:00 mb8g11: (by the way, the volume is a vector)
2012-02-16 09:28:37 HansFangohr: Greetings, DokosBot.
2012-02-16 10:31:42 HansFangohr: Hi Andersej, mb8g11, any plans for lunch? If so, what is your preferred time?
2012-02-16 10:32:22 andersej: 12:30?
2012-02-16 10:37:00 HansFangohr: Okay, fine. Dmitri and I have a meeting at 11;00 in physics. We'll come back to the office before lunch then -- probably takes only 30 or 45 minutes.
2012-02-16 10:56:59 mb8g11: Oki.
2012-02-17 09:23:07 HansFangohr: Morning Anders and DokosBot.
2012-02-17 09:23:40 andersej: Good morning, Hans!
2012-02-17 13:18:15 andersej: Which PETSc version are you using? I'm on 3.2-p5 and I get PETSc error when I try to run /examples/exchange_1D/run_visual.py. It is caused by the last line of the first for loop (line 52).
2012-02-20 08:55:38 HansFangohr: Morning DokosBot.
2012-02-20 09:11:44 mb8g11: Good morning!
2012-02-20 09:12:23 HansFangohr: Good Morning. I am just moving the (very handy) DokosBot from eta to summer.kk - a good opportunity to document this here.
2012-02-20 09:28:57 mb8g11: So is summer the newly installed machine?
2012-02-20 09:29:31 HansFangohr: Yes; the machine was around before but I had to upgrade the OS somewhat severly (done now).
2012-02-20 09:34:52 HansFangohr: Hello DokosBot. You have just joined automatically (via a cronjob) because summer.kk rebooted. You are started via fangohr's cronjob, and another cronjob on the same machine will commit all the changes to finmag/logbooks/finmag-irc.log every night at 23:59. Just so we have this recorded.
2012-02-20 10:54:09 mb8g11: Do you know how to disable the demag-field in nmag or point me to the documentation? Can't find how to do so.
2012-02-20 10:54:47 fangohr: Yes, when you create a simulation object, there should be an option like 'demag=False' or so.
2012-02-20 10:55:39 fangohr: Actually, it is 'do_demag=False'. See http://nmag.soton.ac.uk/nmag/0.2/manual/html/command_reference.html#simulation
2012-02-20 10:57:37 mb8g11: thank you!
2012-02-20 14:38:45 GabrielB: 2-d and 3-d demag problems implemented! Tests for solver coming soon.
2012-02-20 15:15:50 HansFangohr: Hi Gabriel, great. I'll try to have a look at this soon.
2012-02-21 08:46:18 andersej: Good morning, Hans and DokosBot!
2012-02-21 09:06:18 HansFangohr: Good Morning Anders and DokosBot.
2012-02-21 09:09:47 HansFangohr: Anders, shall we get together in 20 minutes or so to go through Marie's reply?2012-02-21 09:50:49 andersej: Again I don't get notifications when I get a message... Sorry. But is it okay now? I can come to your office.
2012-02-21 12:03:13 HansFangohr: Hi Anders, am on the phone right now. Lunch in 20 minutes or so?
2012-02-21 12:20:24 andersej: Yes.
2012-02-21 12:27:36 HansFangohr: Fab, I'll come over now.
2012-02-22 08:44:18 HansFangohr: Morning Anders, DokosBot.
2012-02-22 09:03:23 HansFangohr: Hi Gabriel, good to see you.
2012-02-22 09:03:43 HansFangohr: Are you okay to delay our meeting today to 15:30 UK time? Not sure whether you have seen my email already.
2012-02-22 09:04:27 GabrielB: Hi hans I'll read the mail
2012-02-22 09:06:31 GabrielB: Ahh ok Doctoral training centre meeting alles klar. 15: 30 might be pushing it a little do you have any time this morning?
2012-02-22 09:07:39 GabrielB: Ahh I mean it might be bit late and the it would be nicer to meet in the morning with less time pressure :-)
2012-02-22 09:07:40 HansFangohr: No, teaching. How about tomorrow 10am?
2012-02-22 09:07:51 HansFangohr: Yes, I agree ;-)
2012-02-22 09:08:25 HansFangohr: By what time do you need to leave? Maybe we can start today, and continue tomorrow?
2012-02-22 09:08:47 GabrielB: ok sounds good! Just to give you a quick update the Nitsche Solver passes all the tests so far now that the boundary values of phitot have been fixed.
2012-02-22 09:09:18 GabrielB: So for tomorrow I will try to compare to the analytic solution and of course write up a summary of the nitsche method
2012-02-22 09:09:24 HansFangohr: That sounds great. Also in 3d? ;-)
2012-02-22 09:09:27 GabrielB: yes
2012-02-22 09:09:34 GabrielB: 1 to 3 d :-)
2012-02-22 09:09:49 HansFangohr: Fabulous.
2012-02-22 09:10:58 HansFangohr: If you choose M=[1,0,0], you should fine that phi is a linear function of x inside the sphere. In particular, if you compute the negative gradient of phi, you should get a vector field that is [-1/3,0,0] inside the sphere. I guess this is the analytic solution you refer to, and would be nice to see.
2012-02-22 09:32:30 andersej: Sorry, didn't get notified as usual.. Morning! How come you have two users always logged on, Hans?
2012-02-22 10:59:18 HansFangohr: Anders, these are from machines that are never switched off.
2012-02-22 11:45:02 HansFangohr: Anders, Marc-Antonio, just to say that I am not having lunch today.
2012-02-23 09:05:19 HansFangohr: Good Morning Anders and Gabriel.
2012-02-23 09:07:09 andersej: Good morning to both of you, and DokosBot!
2012-02-23 09:22:19 GabrielB: Good morning Anders and Hans
2012-02-23 09:53:13 GabrielB: Hans are we ok to meet in 7 minutes?
2012-02-23 09:53:52 andersej: He'll try. Says it might be 9.
2012-02-23 09:56:10 GabrielB: lol ok
2012-02-23 15:37:34 mb8g11: hello Marijaan
2012-02-23 22:08:56 mb8g11: good night
2012-02-23 22:09:02 mb8g11: oh, weiwei was here
2012-02-24 08:28:41 mb8g11: good morning
2012-02-24 09:02:54 fangohr: Morning folks :)
2012-02-24 09:09:04 fangohr-osiris: Morning Anders, are you out there?
2012-02-24 09:13:23 andersej: Yes, I'm here! Good morning! Just reading your email. What is your queries?
2012-02-24 09:13:37 andersej: Ok, just got it.
2012-02-24 10:52:58 andersej: Hans, great work on the documentation! Just one question: Now it seems one have to add the modules to index.rst in addition to modules.txt. This can easily be solved by a simple script copying the information from modules.txt into index.rst. Do you want such a script? I can add it in ten minutes.
2012-02-24 10:57:07 fangohr: I think in index.rst we want to sort them in a logical order, whereas for the modules.txt the order probably doesn't matter? I would think that it is okay to do this manually in this instance. Maybe a note that one needs to add NEW modules to both files might be useful as reminder (in the thisdocumentation.rst file, say).
2012-02-24 11:03:29 andersej: That's right, the order in modules.txt doesn't matter, as it will be arranged alphabetically in the html file. I guess one will get a warning when building if a new module is just added in one of the files and not both.
2012-02-27 09:01:30 andersej: Good morning, Hans!
2012-02-27 09:01:32 fangohr: Morning Anders and DokosBot!
2012-02-27 09:02:52 fangohr: I have a query for you -- do you mind coming to my office for a moment?
2012-02-27 09:04:47 andersej: I'll be there in a second.
2012-02-27 09:05:27 fangohr: Great, there is no rush.
2012-02-27 09:47:55 fangohr-osiris: Wasn't happy with Empathy as the IRC client on linux. Now trying xchat.
2012-02-27 10:04:36 andersej: Hans, when I try to clone the repository in my home folder on your computer, I get "andersej@osiris:~$ hg clone ssh://hg@bitbucket.org/fangohr/finmag remote: Permission denied (publickey). abort: no suitable response from remote hg!", and when I try running from your repository I get permission denied error because I (ffc) am not allowed to write to your folder (ffc wants to create a compiled cache file).
2012-02-27 10:05:56 fangohr: You get the ssh key error because the new account has a different ssh key then the one your machine. Try to checkout via https -- then you have to enter the bitbucket password, and it should work.
2012-02-27 10:07:01 andersej: Great, it works, thanks!
2012-02-27 10:48:28 andersej: I can confirm that /dynamics/macrospin/test_analytic.py runs without problem on my computer with petsc 3.2-p5. I tried installing the newest petsc locally in my home directory on your computer, Hans, but it doesn't like using the new version as it already has an older version built and installed using sudo. I've tried setting petsci_dir and petsc_arch without any luck. Will try a couple of other approaches before the weekly meeting.
2012-02-27 10:52:29 fangohr: Thank you nice -- I'll try to upgrade PETSC then. Let me do this before you try anything else.
2012-02-27 11:24:48 fangohr: Andersej, thanks -- have upgraded ubuntu, then re-installed fenics (as in the finmag/install/fresh-on-ubuntu/fenics.sh) and now the problem has disappeared.
2012-02-27 11:25:13 andersej: Great!
2012-02-28 14:40:42 fangohr_: Hi MarcAntonio, are you out there?
2012-02-28 14:45:22 mb8g11: Yes I am!
2012-02-28 14:45:40 mb8g11: who
2012-02-28 14:49:23 mb8g11: What can I do?
2012-02-28 14:53:05 fangohr_: Hi, just seen the latest commit with the timings - thank you.
2012-02-28 14:53:06 fangohr_: G
2012-02-28 14:53:18 fangohr_: Good to see how profiling can be done here.
2012-02-28 14:54:51 mb8g11: :) Currently writing the spinwaves finmag script, but will get back to the exchange computation afterwards. It's by far the most expensive thing we currently do.
2012-02-28 14:55:14 fangohr_: Some observations: when I ran this, my (virtual machine) spend a long time after displaying 'ordering nodes' or something. Not sure what this is, but it seems related to the mesh generation.
2012-02-28 14:56:05 mb8g11: I think it's just the last thing it does before running the integrator. Because there is no new output until the end, the message seems to be there for a long time. At least that was my impression.
2012-02-28 14:56:20 mb8g11: Let me check that again quickly.
2012-02-28 14:57:12 fangohr_: Oh that could be right.
2012-02-28 14:57:36 fangohr_: I have in fact just added some print statements to address this, and committed, but need to merge now before pushing back.
2012-02-28 14:58:43 mb8g11: Yes that's the situation.
2012-02-28 14:58:45 mb8g11: Great.
2012-02-28 14:59:50 mb8g11: Doesn't seem to run with the default tolerances anymore. I could have sweared I checked it out before checking it in...
2012-02-28 15:00:41 fangohr_: Okay, same here. I will just push back my changes -- still doesn't run, but doesn't affect my additions I think.
2012-02-28 15:01:12 mb8g11: Or add rtol=1e-3 to the set_integrator arguments. If not, I'll do it, no worries.
2012-02-28 15:02:15 fangohr_: Too late ;-)
2012-02-28 15:02:48 mb8g11: Haha.
2012-02-28 15:04:13 mb8g11: I wonder why it didn't break the build. I guess it works *sometimes*.
2012-02-28 15:04:19 fangohr_: Jenkins says this compiles fine. Indeed.
2012-02-28 15:04:26 fangohr_: Also, do we know why building is now much faster?
2012-02-28 15:04:45 mb8g11: No.
2012-02-28 15:04:54 fangohr_: Thinking of http://summer.kk.soton.ac.uk:8080/job/finmag/buildTimeTrend
2012-02-28 15:07:50 mb8g11: Well, it's still too long. That's mostly the fault of the exchange 3D test.
2012-02-28 15:08:25 fangohr_: This is example is useful documentation how to use the same mesh for nmag and finmag comparison. In general, it should be sufficient to just mesh the same geometry (as in the limit of infinitely fine meshes we expect the answers to be identical, and expect reasonable agreement for reasonable meshes anyway). We can then use teh command dolfin.Box, dolfin.Rectangle etc to create the mesh in dolfin. Nmag is lacking the directly comparab
2012-02-28 15:08:26 fangohr_: command, but there is the 'examesh' executable that does something something similar. Anyway, this is just a generic remark for the future.
2012-02-28 15:11:51 fangohr_: Another idea: instead of checking the value at a particular node, I would check the value at a particular position. In dolfin we can use m((x,y,z)) to get the value of the Function m at (x,y,z), in Nmag we can use sim.probe_subfield_siv('m_Py',(x,y,z)) or equivalent. Both access methods will interpolate the true field, but the results should be comparable. The advantage of this approach is that we are independent of the mesh, and in
2012-02-28 15:11:51 fangohr_: particular the order of nodes in the mesh. Nmag may change the order of the nodes when it starts (in particular when run using MPI on more than 1 node), and I expect dolfin may do this as well. Again, just a general remark before I forget.
2012-02-28 15:12:00 mb8g11: Personally, I think it's much more difficult to compare data with oommf, because the values you get out are the middle of a cell. Is there some nmag code that does that? Would love to see it.
2012-02-28 15:12:39 mb8g11: Oooh, m((x,y,z)) really? Thanks!
2012-02-28 15:14:00 fangohr_: I tink I know why it doesn't fail: the exit status ($? for bash if I remember correctly) suggests that the return value is 0 despite the vode warning. So Jenkins wouldn't know this. As it is just a warning, it is not actually a failure of the integration - it just says that it needed suspiciously many iterations. (and we should of course understand why). I am not sure what the implication for the result is, but as your assert stateme
2012-02-28 15:14:01 fangohr_: are not triggered, it can't have been too bad?
2012-02-28 15:14:47 mb8g11: True.
2012-02-28 15:18:17 mb8g11: I failed at merging again. Aaaah.
2012-02-28 15:18:39 fangohr_: OOMMF: I think the best you can do is to compare with FE data where you probe the FE field at the position of the centre of the cube in OOMMF. On the other hand, for mesh edge length -> 0, we get the same result (or should), so if we just allow a bit more tolerance, this should be fine. I wouldn't worry about this too much.
2012-02-28 15:19:09 fangohr_: Does the mesh generation take a lot of time? This will affect the regression tests as well. Something to consider.
2012-02-28 15:22:29 mb8g11: @oommf, fine, makes sense
2012-02-28 15:23:31 mb8g11: @mesh generation. Not an awful lot in comparison with the actual simulation, but a few seconds here and there add up. What time should we be aiming for? 10s for the unit tests?
2012-02-28 15:24:36 mb8g11: We can't really do true TDD, as our tests consist of solving physical problems and not inserting a row into a database. That takes time.
2012-02-28 15:24:54 mb8g11: Because ideally, tests should run in <1s.
2012-02-28 15:28:25 fangohr_: I agree the mesh generation is relatively fast; although changing to dolfin.Box where possible is desirable (as it will be faster for a cubic geometry than going to an external package for a generic geometry).
2012-02-28 15:28:48 fangohr_: If tests take 10 seconds, I think that's fine. As you say, at some point we need to test  some physics, and that takes time.
2012-02-28 15:31:18 fangohr_: Regarding the run-time of this one (src/finmag/sim/tests/dynamics_3D): the profiler says that more than 50% are spend it 'assemble'. I can only think of the exchange assemble command that is called repeatedlyfor every iteration. Thus we need to check whether we can make this faster by storing the matrix rather than assembling every time. See https://www.pivotaltracker.com/story/show/25041739
2012-02-28 15:32:04 andersej: I'm working on it.
2012-02-28 15:32:17 fangohr_: Great, thanks.
2012-02-28 15:32:53 fangohr_: (I have looked into the UFL manual, following repeated recommendations from Marc-Antonio and later Dmitri. That seems a useful resource indeed.)
2012-02-28 15:34:45 mb8g11: @assembly: Yes, it's in fact significantly more than 50% and what I wanted to say at 14:54. Maybe I can join you Anders, in an hour or so?
2012-02-28 15:35:00 andersej: Yes, the documentation of ufl modules isn't very good, so the manual is the right place to obtain information.
2012-02-28 15:35:19 andersej: That'll be great, MarcAntonio.
2012-02-28 15:36:07 mb8g11: Now that I know how to probe the field in dolfin, I will throw out the mesh generation for dolfin for the periodic spinwaves. Thanks!
2012-02-28 15:36:56 mb8g11: Just need to manage to revert a file to an old version before that. That sure is tricky!
2012-02-28 15:40:10 mb8g11: (meant 3D example btw.)
2012-02-28 23:07:28 16WAAC4L4: Update: bitbucket may be a little unresponsive: I noted that my 'hg fetch' or 'hg pull' requests did time out. I interrupted them. Jenkins now seems to suffer the same fate -- it has been running 'hg pull' sinnce 22:47; and thus it does not build due to the latest changes. I would hope that Jenkins migth kill the pull job at some point, or that bitbucket recovers. Let's see.
2012-02-28 23:07:44 16WAAC4L4: I am Hans, by the way. Sorry about the funny login.
2012-02-29 09:24:21 fangohr: Morning all.
2012-02-29 09:24:39 andersej: Morning!
2012-02-29 10:10:09 GabrielB: Hi everyone
2012-02-29 10:14:27 mb8g11: Hi all.
2012-02-29 10:14:33 GabrielB: Hi Marc
2012-02-29 10:18:32 andersej: Hello, mb8g11 and GabrielB!
2012-02-29 10:19:38 GabrielB: HI anders
2012-02-29 11:52:17 mb8g11: I have a PGR meeting with catering at 1300 and won't go to lunch today.
2012-02-29 12:13:36 andersej: Okay, I know how you love free food, hehe..
2012-02-29 12:25:27 mb8g11: Exactly!
2012-02-29 13:34:36 fangohr_: Hi Anders, I think I know what's wrong with the exchange. A subtle bug, that I have put in earlier.
2012-02-29 13:39:03 andersej: What do you mean? The problem that makes the odeint diverge? Or is there another problem? I know that the project method isn't working very good, is this because of the bug?
2012-02-29 13:39:34 fangohr_: A different issue -- do you want to come over briefly?
2012-02-29 13:44:51 andersej: Yes, just found another bug. Two seconds, pushing now.
2012-02-29 13:45:41 fangohr_: Probably the same as I did :) Let's see. ;-)
2012-02-29 15:05:47 fangohr: Yes, spotted the same missing 'raise'. I was not asked to merge it manually, so I guess we made *exactly* the same change to the same line, and merge can deal with that silently (assuming that if we both agree what it should be, this will be the right way to merge it). Clever.
2012-02-29 15:29:59 andersej: Hehe, good!
2012-02-29 15:30:58 andersej: Someone knows where these "Create layout  End Create layout" - messages are coming from?
2012-02-29 15:31:14 fangohr: No. When do you see them?
2012-02-29 15:31:51 andersej: python explicit_g_matrix.py
2012-02-29 15:32:23 andersej: Seems like they occur in every methods.
2012-02-29 15:33:25 fangohr: I don't think I can see these at all.
2012-02-29 15:34:21 andersej: Interesting. I'll try running the script from your machine.
2012-02-29 15:37:37 andersej: Right, I don't get those messages there...
2012-02-29 15:38:03 fangohr: Maybe you have set some loglevel higher than normal or some other setting in your user account that triggers this behaviour?
2012-02-29 15:41:42 andersej: Probably something like that, yes, but I have never changed any such thing on this machine. It is probably due to different versions of ffc, ufl, etc. Nothing to worry about.
2012-02-29 17:09:17 fangohr: exit
2012-03-01 09:12:17 fangohr_: Morning Anders.
2012-03-01 09:12:50 andersej: Good morning, Hans!
2012-03-01 09:24:31 andersej: I've just changed all my email addresses on Jenkins to the Soton-address and pushed my code. We'll see in a few minutes if it worked.
2012-03-01 09:27:02 andersej: Yey! It worked!
2012-03-01 09:27:12 fangohr_: Great, thanks.
2012-03-01 11:35:16 andersej: Hi all! I think the documentation for Exchange and Anisotropy is a bit strange, since it displays all these functions we only use internally. The user should only use exchange.compute_field(), but this is not mentioned in the documentation. But all the compute_filed_box_assemble, etc, are listed, but cannot be used. I've made a big change and gathered all methods in compute_field(). I've pushed it now, so please have a look and if you don't like i
2012-03-01 11:35:16 andersej: t, we can revert immediately.
2012-03-01 11:35:45 andersej: That is, I've just changed the Exchange for now.
2012-03-01 11:56:38 mb8g11: Why didn't you just prefix these methods with __ ?
2012-03-01 11:57:34 mb8g11: And since the documentation is only for us, it wouldn't hurt to see the different methods. But that is a matter of taste I guess.
2012-03-01 11:57:42 andersej: I could have done that, and added a dummy method compute_field() with only documentation.
2012-03-01 12:05:14 mb8g11: Do you mind if I edit the file a little, or are you currently working on it?
2012-03-01 12:05:33 andersej: No, please do.
2012-03-01 12:05:39 mb8g11: :)
2012-03-01 12:35:28 mb8g11: pushed
2012-03-01 12:40:13 fangohr: Just in time for lunch, I suppose :)
2012-03-01 12:44:21 mb8g11: Yes!
2012-03-01 12:45:21 fangohr: Just noticed that I broke the build before ... hopefully just fixed it with a new commit.
2012-03-01 14:18:31 fangohr: Marc-Antonio, turns out that Marijan is delayed, so I have some time now -- shall we look at your tests now then?
2012-03-01 14:23:24 mb8g11: Yes ofc
2012-03-01 16:44:40 fangohr: Hi MA, I have got 10 minutes left before the end of the day -- have we covered all the issues or is there anything else we should talk about now?
2012-03-01 16:44:58 mb8g11: I think that's it really :)
2012-03-01 16:45:11 fangohr: That's fine - great. ;)
2012-03-02 09:10:50 fangohr: Morning Anders, I like you conclusion that -- due to the various logins in the IRC chat -- I must be very experienced with it.
2012-03-02 09:11:14 fangohr: In any case, I need to do deal with some urgent things but hope that we can get together in 30 minutes or so - is that oka?
2012-03-02 09:11:19 fangohr: (okay)
2012-03-02 09:18:36 andersej: Good morning, Hans! Hehe.. Yes, 30 minutes sounds great. I'll come by then.
2012-03-02 09:45:44 fangohr: Not quite finished yet, I'll give you a shout when I am done.
2012-03-02 09:45:57 andersej: Ok.
2012-03-02 09:58:06 fangohr: Hi Anders, ready to fire now. Do you want to come over?
2012-03-02 09:59:08 andersej: Yes!
2012-03-02 11:03:08 fangohr: Anders, I was wrong. The student comes at 11:30. I'll come over to your office in 5 minutes and we can look at your files for 20 minutes.
2012-03-02 16:11:30 andersej: Hans, are you still there?
2012-03-02 16:13:02 andersej: Never mind, I solved the problem.
2012-03-02 16:15:09 andersej: That is, not THE problem, just another one..
2012-03-02 17:06:39 fangohr: Hi Anders, yes, still there. Too late now I guess. Let's talk Monday.
2012-03-02 17:06:45 fangohr: ; have a good weekend everybody.
2012-03-05 09:48:55 fangohr: Moin Anders.
2012-03-05 10:23:21 andersej: Morning!
2012-03-05 12:57:28 fangohr: Up for lunch?
2012-03-05 12:57:33 andersej: Yes!
2012-03-05 14:42:28 fangohr: Anders, do you know whether we have any Ubuntu installation CDs lying around in the office? Don't worry if not -- just wanted to check before burning a new one.
2012-03-05 14:42:58 andersej: No, I'm not aware of any such CDs. Sorry.
2012-03-05 14:44:50 andersej: By the way, do you have two seconds while the CD is burning?
2012-03-05 14:45:00 fangohr: Yes, sure :)
2012-03-05 14:45:18 andersej: I'll send you an email and come to your office.
2012-03-05 16:39:19 fangohr: Hi Maxim, well done.
2012-03-05 16:41:06 maxim__: the uk layout is confusing me. had troubles with password because of exchanged y and z ;)
2012-03-05 17:10:20 fangohr: Hi Maxim, am about to leave. I see you tomorrow around 11;00 or so. Have a nice evening.
2012-03-05 17:18:39 maxim__: Thanks, you too.
2012-03-06 09:06:59 fangohr: Good Morning, Anders.
2012-03-06 09:07:07 andersej: Morning, Hans!
2012-03-06 09:20:59 fangohr: Morning Anders, are the 'project vs interpolate' results to spectacular that we should file a query on the dolfin team list?
2012-03-06 09:27:20 andersej: Perhaps. I've sent a mail to Anders Logg showing the results and asked why project acts as it does. Either he has a good explanation or he encourages us to file it as a bug. I'll just wait until he wakes up, hehe..
2012-03-06 09:27:40 fangohr: Sure, thanks. Let me know the answer :)
2012-03-06 11:51:12 fangohr: Hi Sebastian, good to see you :)
2012-03-06 11:51:28 SebastianS: hey, jep just managed to set up IRC
2012-03-06 11:51:43 fangohr: I need to make a few phone calls but would hope we can go for lunch around 12:30 maybe?
2012-03-06 11:52:07 SebastianS: sounds good. I have one quick questions though:
2012-03-06 11:52:27 SebastianS: could you invite me again to the dropbox folder? that didn't seem to work
2012-03-06 11:52:47 SebastianS: it's sebastian.schwieger@uni-konstanz.de
2012-03-06 11:54:04 fangohr: Yes, sorry, had a typo in the email address.
2012-03-06 11:54:38 SebastianS: no worries! just got the invite. Thanks a lot
2012-03-06 11:54:49 andersej: 12:30 sounds good!
2012-03-06 12:27:25 andersej: We are leaving for lunch now. We meet up outside my office (next to the exit).
2012-03-06 12:28:11 andersej: 2025 is the number..
2012-03-06 12:31:35 fangohr: Maxim, Sebastian, we can't find you anywhere -- I presume you have gone to the staff club already, so we meet you there.
2012-03-06 13:02:52 maxims: Nilson (or Nelson) asked me whether I go with him for lunch. But then I realized that we were not going to eat in staff club but buy food in this student shop instead. Sebastian is picking up his id card. I hope you met him on your way. Otherwise I can show some where he can have lunch.
2012-03-06 14:12:20 fangohr: Sebastian -- what is your login?
2012-03-06 14:17:46 fangohr: Got it: ss18g11 (thanks).
2012-03-06 14:20:25 fangohr: I created an account for you on eta.kk.soton.ac.uk. Password is 'konstanz', please change asap. You connect using 'ssh ss18g11@eta.kk.soton.ac.uk'.
2012-03-06 14:22:34 SebastianS: oh sorry! i didn't have the sound on and completely forgot to check here.
2012-03-06 14:22:40 SebastianS: thanks a lot!
2012-03-06 14:24:47 fangohr: Hi all, I'll be teaching and offline for the rest of the day.
2012-03-06 14:36:31 SebastianS: clear
2012-03-06 14:36:53 SebastianS: uups... that was supposed to go in terminal
2012-03-06 14:36:58 SebastianS: sorry for that
2012-03-07 10:05:01 andersej: Hans, are you out there?
2012-03-07 11:57:17 andersej: Lunch, anyone? maxims or SebastianS?
2012-03-07 12:08:31 SebastianS: ah we just went to the shops and bought some small snacks there
2012-03-07 12:08:46 SebastianS: we actually thought you guys had already gone there
2012-03-07 12:09:38 andersej: Okay, that's fine. Let's try again tomorrow!
2012-03-07 12:11:27 maxims: Do you eat every day at staff club? For me it would be to expensive. But two or three times a week is ok. So maybe tomorrow?
2012-03-07 12:12:59 andersej: Yes, we usually eat there. Just send a message here when you want to join us.
2012-03-07 12:15:06 maxims: Ok
2012-03-07 12:22:38 maxims: SebastianS: im Ordner /home/benutzername muss die Datei .hgrc angelegt werden und deren Inhalt ist:
2012-03-07 12:23:04 maxims: SebastianS: [ui]
2012-03-07 12:23:04 maxims: username = Maxim Skripnik <maxim.skripnik@yahoo.de>
2012-03-07 12:23:39 SebastianS: ah okay, danke :-)
2012-03-08 09:19:20 fangohr: Good Morning Anders and DokosBot.
2012-03-08 09:22:18 andersej: Good morning, Hans!
2012-03-08 09:22:50 andersej: I have a bunch of questions. Do you have three and a half minute?
2012-03-08 09:23:29 fangohr: Yes, give me 5 minutes to do some email, and then will be good. I'll send a short message here when I am done.
2012-03-08 09:24:01 andersej: Great!
2012-03-08 09:36:49 fangohr: Okay Anders, do you want to come over, or do I need to see your screen?
2012-03-08 09:37:18 andersej: I'm on my way!
2012-03-08 11:06:06 fangohr: Hi Sebastian. Not sure you can afford the food in the staff club (seeing your messages from yesterday), but Anders and I will go at 12:15 today. (One should be able to keep the price below 5.00 generally; the curry is exceptionally expensive.)
2012-03-08 11:09:19 SebastianS: Hi Hans, that message was acutally from Maxim, although I had the same concerns... I think I'll join you today, though and have a second go ;-)
2012-03-08 11:18:08 fangohr: Sadly, the 'student' places are not cheaper ... Actually, when you pay, you should say that you are a student, and you should get a reduction (20% or so). They will want to see your student card for this. The Southampton card you have is a visitor's card; so that is not a student card. But if you have some kind of student card from Konstanz, and explain that you are here as a visiting student, it may work. If I am around, I'll back you up. Worth a try
2012-03-08 11:22:37 SebastianS: I actually did that Monday and the lady at the pay desk told me she'd do it only this time as the curry was quite expensive; I guess she won't remember me, though, so it should be fine
2012-03-08 12:13:31 SebastianS: are you guys going to lunch? Maxim and I would be ready
2012-03-08 12:13:47 fangohr: Yes, let's meet outside Anders office in 2 min or so.
2012-03-08 12:14:00 SebastianS: okay. see you then
2012-03-08 22:35:17 fangohr__: Hi Dmitri -- nice to see you here. (Or probably just your computer being logged in) :)
2012-03-12 10:02:39 fangohr: Morning folks.
2012-03-12 10:19:08 SebastianS: I was just looking through the first couple of NMAG examples and I was wondering whether number 11 (Cubic anisotropy) would be a good point to start.
2012-03-12 10:32:22 fangohr: I would probably start with a system without anisotropy, say
2012-03-12 10:32:22 fangohr: http://nmag.soton.ac.uk/nmag/0.2/manual/html/example2/doc.html
2012-03-12 10:32:22 fangohr: Then, you may want to do something with uniaxial anisotropy (as this is the anisotropy considered in theLLB model), say
2012-03-12 10:32:22 fangohr: http://nmag.soton.ac.uk/nmag/0.2/manual/html/example_uniaxial_anis/doc.html
2012-03-12 10:33:10 fangohr: When you have mastered these, standard problem 3 may be nice to do (http://www.ctcms.nist.gov/~rdm/spec3.html). When you get to that point, let me know and I will dig out the Nmag script which you can use for initial guidance.
2012-03-12 10:35:14 SebastianS: okay. thanks a lot!
2012-03-12 12:08:17 maxim|s: Is anybody going to have lunch at staff club?
2012-03-12 12:26:31 fangohr: Oh, yes!
2012-03-12 12:26:46 fangohr: We are planning to go at 12:30 -- do you want to come over to Dmitri's and Anders' office now?
2012-03-12 16:58:57 SebastianS: Sorry to bother you again, Hans. I just noticed that the second example you recommended is the one, which Dmitri already did. I took a look if there were any other uniaxial ones, but I couldn't find any. Shall I skip that and go straight to the mumag example?
2012-03-12 17:10:23 fangohr: Yes.
2012-03-12 17:11:40 SebastianS: okay. Thanks!
2012-03-13 09:35:38 andersej: Good morning, Hans!
2012-03-13 09:35:55 andersej: Good morning, Hans!
2012-03-13 10:03:48 fangohr__: Good Morning.
2012-03-13 11:48:02 SebastianS: Hey, Maxim and I are in for lunch! We'll come to Anders office at around 12.30 if that's okay
2012-03-13 12:03:47 andersej: Great! I think we will be a large group today!
2012-03-13 12:19:09 fangohr: Okay, nice.
2012-03-14 09:02:00 andersej: Good morning!
2012-03-14 09:37:34 fangohr: Greetings Anders and DokosBot.
2012-03-14 09:40:21 andersej: Hehe.. Good morning!
2012-03-14 11:55:34 fangohr: Hi all, just to remind you that I am not going for lunch today.
2012-03-14 11:56:08 fangohr: I might get some biscutis for coffee, though. Shall we say 15:15 in Anders' and Gabriel's office? (I need to do something at 15:00 -- thus the strange time).
2012-03-14 12:06:30 andersej: 15.15 sounds great. Gabriel and I will go for lunch now, if anyone wants to join.
2012-03-14 12:08:52 SebastianS: Maxim and I are probably going a bit later, because we both didn't have breakfast so long ago...
2012-03-14 14:08:12 fangohr: :)
2012-03-14 17:21:24 fangohr: over and out, see you tomorrow.
